<?xml version="1.0" encoding="UTF-8"?>
<!-- Generated by org.testng.reporters.JUnitReportReporter -->
<testsuite hostname="DESKTOP-BHQ563I" failures="0" tests="3" name="com.Ecommerce.instaSnap.ProductTest.VerifyKidsProduct" time="0.007" errors="0" timestamp="2024-11-07T16:21:13 IST" skipped="0">
  <testcase classname="com.Ecommerce.instaSnap.ProductTest.VerifyKidsProduct" name="createProduct" time="0.003"/>
  <system-out>
    <![CDATA[kids product created]]>
  </system-out>
  <testcase classname="com.Ecommerce.instaSnap.ProductTest.VerifyKidsProduct" name="updateProduct" time="0.002"/>
  <system-out>
    <![CDATA[kids product updated]]>
  </system-out>
  <testcase classname="com.Ecommerce.instaSnap.ProductTest.VerifyKidsProduct" name="updateProduct" time="0.002"/>
  <system-out>
    <![CDATA[kids product updated]]>
  </system-out>
</testsuite> <!-- com.Ecommerce.instaSnap.ProductTest.VerifyKidsProduct -->
