<?xml version="1.0" encoding="UTF-8"?>
<!-- Generated by org.testng.reporters.JUnitReportReporter -->
<testsuite hostname="DESKTOP-BHQ563I" failures="0" tests="1" name="Demo.DemoTest" time="18.285" errors="0" timestamp="2024-11-06T15:33:54 IST" skipped="0">
  <testcase classname="Demo.DemoTest" name="version" time="18.285"/>
  <system-out/>
</testsuite> <!-- Demo.DemoTest -->
